#
# There is insufficient memory for the Java Runtime Environment to continue.
# Native memory allocation (malloc) failed to allocate 219488 bytes. Error detail: Chunk::new
# Possible reasons:
#   The system is out of physical RAM or swap space
#   This process is running with CompressedOops enabled, and the Java Heap may be blocking the growth of the native heap
# Possible solutions:
#   Reduce memory load on the system
#   Increase physical memory or swap space
#   Check if swap backing store is full
#   Decrease Java heap size (-Xmx/-Xms)
#   Decrease number of Java threads
#   Decrease Java thread stack sizes (-Xss)
#   Set larger code cache with -XX:ReservedCodeCacheSize=
#   JVM is running with Unscaled Compressed Oops mode in which the Java heap is
#     placed in the first 4GB address space. The Java Heap base address is the
#     maximum limit for the native heap growth. Please use -XX:HeapBaseMinAddress
#     to set the Java Heap base and to place the Java Heap above 4GB virtual address.
# This output file may be truncated or incomplete.
#
#  Out of Memory Error (arena.cpp:191), pid=12080, tid=19960
#
# JRE version: OpenJDK Runtime Environment (17.0.11) (build 17.0.11+0--11852314)
# Java VM: OpenJDK 64-Bit Server VM (17.0.11+0--11852314, mixed mode, tiered, compressed oops, compressed class ptrs, g1 gc, windows-amd64)
# No core dump will be written. Minidumps are not enabled by default on client versions of Windows
#

---------------  S U M M A R Y ------------

Command Line: --add-opens=java.base/java.util=ALL-UNNAMED --add-opens=java.base/java.lang=ALL-UNNAMED --add-opens=java.base/java.lang.invoke=ALL-UNNAMED --add-opens=java.prefs/java.util.prefs=ALL-UNNAMED --add-exports=jdk.compiler/com.sun.tools.javac.api=ALL-UNNAMED --add-exports=jdk.compiler/com.sun.tools.javac.util=ALL-UNNAMED --add-opens=java.base/java.nio.charset=ALL-UNNAMED --add-opens=java.base/java.net=ALL-UNNAMED --add-opens=java.base/java.util.concurrent.atomic=ALL-UNNAMED -Xmx2048m -Dfile.encoding=UTF-8 -Duser.country=ID -Duser.language=en -Duser.variant -javaagent:C:\Users\hellb\.gradle\wrapper\dists\gradle-8.10.2-bin\a04bxjujx95o3nb99gddekhwo\gradle-8.10.2\lib\agents\gradle-instrumentation-agent-8.10.2.jar org.gradle.launcher.daemon.bootstrap.GradleDaemon 8.10.2

Host: 12th Gen Intel(R) Core(TM) i5-12500H, 16 cores, 15G,  Windows 11 , 64 bit Build 22621 (10.0.22621.3958)
Time: Sun Jan  5 14:44:39 2025 SE Asia Standard Time elapsed time: 3.920730 seconds (0d 0h 0m 3s)

---------------  T H R E A D  ---------------

Current thread (0x0000029718970270):  JavaThread "C2 CompilerThread6" daemon [_thread_in_native, id=19960, stack(0x000000cab2e00000,0x000000cab2f00000)]


Current CompileTask:
C2:   3920 4993       4       java.util.HashMap::computeIfAbsent (330 bytes)

Stack: [0x000000cab2e00000,0x000000cab2f00000]
Native frames: (J=compiled Java code, j=interpreted, Vv=VM code, C=native code)
V  [jvm.dll+0x687bb9]
V  [jvm.dll+0x84142a]
V  [jvm.dll+0x8430ae]
V  [jvm.dll+0x843713]
V  [jvm.dll+0x24a35f]
V  [jvm.dll+0xac544]
V  [jvm.dll+0xacb8c]
V  [jvm.dll+0x369c37]
V  [jvm.dll+0x33416a]
V  [jvm.dll+0x33360a]
V  [jvm.dll+0x21bed1]
V  [jvm.dll+0x21b311]
V  [jvm.dll+0x1a63ed]
V  [jvm.dll+0x22b1ee]
V  [jvm.dll+0x229375]
V  [jvm.dll+0x7f5647]
V  [jvm.dll+0x7efa4a]
V  [jvm.dll+0x686a35]
C  [ucrtbase.dll+0x29333]
C  [KERNEL32.DLL+0x1257d]
C  [ntdll.dll+0x5af28]


---------------  P R O C E S S  ---------------

Threads class SMR info:
_java_thread_list=0x00000297163c8070, length=59, elements={
0x00000297747bcf00, 0x000002970f1c1d30, 0x000002970f1c2800, 0x000002970f2094d0,
0x000002970f229eb0, 0x000002970f22c890, 0x000002970f22d980, 0x000002970f22ea40,
0x000002970f22f400, 0x000002970f232130, 0x000002970f39efd0, 0x000002970f3cfe00,
0x000002970f3d2cc0, 0x000002970f51d770, 0x000002971527a030, 0x0000029714f33550,
0x00000297147f9b80, 0x00000297160b6840, 0x000002971596c880, 0x0000029716014ec0,
0x0000029715302490, 0x0000029715302eb0, 0x00000297153033c0, 0x0000029715304d10,
0x00000297153038d0, 0x00000297153042f0, 0x0000029715305730, 0x0000029715305c40,
0x000002971811a7c0, 0x0000029718119890, 0x0000029718118960, 0x00000297181160e0,
0x000002971811b1e0, 0x0000029718118e70, 0x000002971811c620, 0x0000029718119380,
0x0000029718117520, 0x0000029718119da0, 0x000002971811a2b0, 0x0000029718117010,
0x000002971811cb30, 0x000002971811d040, 0x0000029718117a30, 0x0000029718117f40,
0x000002971811b6f0, 0x000002971811acd0, 0x000002971811bc00, 0x00000297181165f0,
0x00000297145b3a40, 0x00000297145b2500, 0x000002971811c110, 0x0000029718118450,
0x00000297188360e0, 0x00000297188351b0, 0x00000297145b1fb0, 0x0000029718973240,
0x0000029718977750, 0x0000029718970270, 0x0000029718976cb0
}

Java Threads: ( => current thread )
  0x00000297747bcf00 JavaThread "main" [_thread_blocked, id=18436, stack(0x000000caae000000,0x000000caae100000)]
  0x000002970f1c1d30 JavaThread "Reference Handler" daemon [_thread_blocked, id=18476, stack(0x000000caae700000,0x000000caae800000)]
  0x000002970f1c2800 JavaThread "Finalizer" daemon [_thread_blocked, id=18480, stack(0x000000caae800000,0x000000caae900000)]
  0x000002970f2094d0 JavaThread "Signal Dispatcher" daemon [_thread_blocked, id=18492, stack(0x000000caae900000,0x000000caaea00000)]
  0x000002970f229eb0 JavaThread "Attach Listener" daemon [_thread_blocked, id=18496, stack(0x000000caaea00000,0x000000caaeb00000)]
  0x000002970f22c890 JavaThread "Service Thread" daemon [_thread_blocked, id=18500, stack(0x000000caaeb00000,0x000000caaec00000)]
  0x000002970f22d980 JavaThread "Monitor Deflation Thread" daemon [_thread_blocked, id=18504, stack(0x000000caaec00000,0x000000caaed00000)]
  0x000002970f22ea40 JavaThread "C2 CompilerThread0" daemon [_thread_in_native, id=18508, stack(0x000000caaed00000,0x000000caaee00000)]
  0x000002970f22f400 JavaThread "C1 CompilerThread0" daemon [_thread_blocked, id=18512, stack(0x000000caaee00000,0x000000caaef00000)]
  0x000002970f232130 JavaThread "Sweeper thread" daemon [_thread_blocked, id=18516, stack(0x000000caaef00000,0x000000caaf000000)]
  0x000002970f39efd0 JavaThread "Common-Cleaner" daemon [_thread_blocked, id=18520, stack(0x000000caaf000000,0x000000caaf100000)]
  0x000002970f3cfe00 JavaThread "C1 CompilerThread1" daemon [_thread_blocked, id=18524, stack(0x000000caaf100000,0x000000caaf200000)]
  0x000002970f3d2cc0 JavaThread "C1 CompilerThread2" daemon [_thread_blocked, id=18528, stack(0x000000caaf200000,0x000000caaf300000)]
  0x000002970f51d770 JavaThread "Notification Thread" daemon [_thread_blocked, id=18564, stack(0x000000caaf300000,0x000000caaf400000)]
  0x000002971527a030 JavaThread "C1 CompilerThread3" daemon [_thread_blocked, id=18804, stack(0x000000caafe00000,0x000000caaff00000)]
  0x0000029714f33550 JavaThread "Daemon health stats" [_thread_blocked, id=18928, stack(0x000000caaff00000,0x000000cab0000000)]
  0x00000297147f9b80 JavaThread "Incoming local TCP Connector on port 49858" [_thread_in_native, id=18932, stack(0x000000cab0000000,0x000000cab0100000)]
  0x00000297160b6840 JavaThread "Daemon periodic checks" [_thread_blocked, id=18936, stack(0x000000cab0100000,0x000000cab0200000)]
  0x000002971596c880 JavaThread "Daemon" [_thread_blocked, id=18948, stack(0x000000cab0200000,0x000000cab0300000)]
  0x0000029716014ec0 JavaThread "Handler for socket connection from /127.0.0.1:49858 to /127.0.0.1:49859" [_thread_in_native, id=18952, stack(0x000000cab0300000,0x000000cab0400000)]
  0x0000029715302490 JavaThread "Cancel handler" [_thread_blocked, id=18968, stack(0x000000cab0400000,0x000000cab0500000)]
  0x0000029715302eb0 JavaThread "Daemon worker" [_thread_in_vm, id=18972, stack(0x000000cab0500000,0x000000cab0600000)]
  0x00000297153033c0 JavaThread "Asynchronous log dispatcher for DefaultDaemonConnection: socket connection from /127.0.0.1:49858 to /127.0.0.1:49859" [_thread_blocked, id=18976, stack(0x000000cab0600000,0x000000cab0700000)]
  0x0000029715304d10 JavaThread "Stdin handler" [_thread_blocked, id=18980, stack(0x000000cab0700000,0x000000cab0800000)]
  0x00000297153038d0 JavaThread "Daemon client event forwarder" [_thread_blocked, id=18984, stack(0x000000cab0800000,0x000000cab0900000)]
  0x00000297153042f0 JavaThread "Cache worker for journal cache (C:\Users\hellb\.gradle\caches\journal-1)" [_thread_blocked, id=19532, stack(0x000000cab1200000,0x000000cab1300000)]
  0x0000029715305730 JavaThread "File lock request listener" [_thread_in_native, id=19596, stack(0x000000cab1300000,0x000000cab1400000)]
  0x0000029715305c40 JavaThread "Cache worker for file hash cache (C:\Users\hellb\.gradle\caches\8.10.2\fileHashes)" [_thread_blocked, id=19668, stack(0x000000cab1400000,0x000000cab1500000)]
  0x000002971811a7c0 JavaThread "Cache worker for file hash cache (C:\Users\hellb\AndroidStudioProjects\JadwalKu\.gradle\8.10.2\fileHashes)" [_thread_blocked, id=20072, stack(0x000000caaf800000,0x000000caaf900000)]
  0x0000029718119890 JavaThread "Cache worker for Build Output Cleanup Cache (C:\Users\hellb\AndroidStudioProjects\JadwalKu\.gradle\buildOutputCleanup)" [_thread_blocked, id=20076, stack(0x000000cab1500000,0x000000cab1600000)]
  0x0000029718118960 JavaThread "File watcher server" daemon [_thread_in_native, id=20088, stack(0x000000cab1600000,0x000000cab1700000)]
  0x00000297181160e0 JavaThread "File watcher consumer" daemon [_thread_blocked, id=20092, stack(0x000000cab1700000,0x000000cab1800000)]
  0x000002971811b1e0 JavaThread "jar transforms" [_thread_blocked, id=20104, stack(0x000000cab1800000,0x000000cab1900000)]
  0x0000029718118e70 JavaThread "jar transforms Thread 2" [_thread_blocked, id=20108, stack(0x000000cab1900000,0x000000cab1a00000)]
  0x000002971811c620 JavaThread "jar transforms Thread 3" [_thread_blocked, id=20112, stack(0x000000cab1a00000,0x000000cab1b00000)]
  0x0000029718119380 JavaThread "jar transforms Thread 4" [_thread_blocked, id=20116, stack(0x000000cab1b00000,0x000000cab1c00000)]
  0x0000029718117520 JavaThread "jar transforms Thread 5" [_thread_blocked, id=20120, stack(0x000000cab1c00000,0x000000cab1d00000)]
  0x0000029718119da0 JavaThread "jar transforms Thread 6" [_thread_blocked, id=20124, stack(0x000000cab1d00000,0x000000cab1e00000)]
  0x000002971811a2b0 JavaThread "jar transforms Thread 7" [_thread_blocked, id=20128, stack(0x000000cab1e00000,0x000000cab1f00000)]
  0x0000029718117010 JavaThread "jar transforms Thread 8" [_thread_blocked, id=20132, stack(0x000000cab1f00000,0x000000cab2000000)]
  0x000002971811cb30 JavaThread "jar transforms Thread 9" [_thread_blocked, id=20136, stack(0x000000cab2000000,0x000000cab2100000)]
  0x000002971811d040 JavaThread "jar transforms Thread 10" [_thread_blocked, id=20140, stack(0x000000cab2100000,0x000000cab2200000)]
  0x0000029718117a30 JavaThread "jar transforms Thread 11" [_thread_blocked, id=20144, stack(0x000000cab2200000,0x000000cab2300000)]
  0x0000029718117f40 JavaThread "jar transforms Thread 12" [_thread_blocked, id=20148, stack(0x000000cab2300000,0x000000cab2400000)]
  0x000002971811b6f0 JavaThread "jar transforms Thread 13" [_thread_blocked, id=20152, stack(0x000000cab2400000,0x000000cab2500000)]
  0x000002971811acd0 JavaThread "jar transforms Thread 14" [_thread_blocked, id=20156, stack(0x000000cab2500000,0x000000cab2600000)]
  0x000002971811bc00 JavaThread "jar transforms Thread 15" [_thread_blocked, id=20160, stack(0x000000cab2600000,0x000000cab2700000)]
  0x00000297181165f0 JavaThread "jar transforms Thread 16" [_thread_blocked, id=20164, stack(0x000000cab2700000,0x000000cab2800000)]
  0x00000297145b3a40 JavaThread "C2 CompilerThread1" daemon [_thread_blocked, id=20428, stack(0x000000caaf500000,0x000000caaf600000)]
  0x00000297145b2500 JavaThread "C2 CompilerThread2" daemon [_thread_blocked, id=20436, stack(0x000000caaf600000,0x000000caaf700000)]
  0x000002971811c110 JavaThread "Cache worker for checksums cache (C:\Users\hellb\AndroidStudioProjects\JadwalKu\.gradle\8.10.2\checksums)" [_thread_blocked, id=20476, stack(0x000000caaf700000,0x000000caaf800000)]
  0x0000029718118450 JavaThread "Cache worker for file content cache (C:\Users\hellb\.gradle\caches\8.10.2\fileContent)" [_thread_blocked, id=19608, stack(0x000000cab2800000,0x000000cab2900000)]
  0x00000297188360e0 JavaThread "Cache worker for cache directory md-rule (C:\Users\hellb\.gradle\caches\8.10.2\md-rule)" [_thread_blocked, id=19604, stack(0x000000cab2900000,0x000000cab2a00000)]
  0x00000297188351b0 JavaThread "Cache worker for cache directory md-supplier (C:\Users\hellb\.gradle\caches\8.10.2\md-supplier)" [_thread_blocked, id=10840, stack(0x000000cab2a00000,0x000000cab2b00000)]
  0x00000297145b1fb0 JavaThread "C2 CompilerThread3" daemon [_thread_blocked, id=19968, stack(0x000000cab2b00000,0x000000cab2c00000)]
  0x0000029718973240 JavaThread "C2 CompilerThread4" daemon [_thread_in_native, id=19956, stack(0x000000cab2c00000,0x000000cab2d00000)]
  0x0000029718977750 JavaThread "C2 CompilerThread5" daemon [_thread_blocked, id=19964, stack(0x000000cab2d00000,0x000000cab2e00000)]
=>0x0000029718970270 JavaThread "C2 CompilerThread6" daemon [_thread_in_native, id=19960, stack(0x000000cab2e00000,0x000000cab2f00000)]
  0x0000029718976cb0 JavaThread "C2 CompilerThread7" daemon [_thread_blocked, id=19912, stack(0x000000cab2f00000,0x000000cab3000000)]

Other Threads:
  0x000002977f7e5f00 VMThread "VM Thread" [stack: 0x000000caae600000,0x000000caae700000] [id=18460]
  0x000002970f486a80 WatcherThread [stack: 0x000000caaf400000,0x000000caaf500000] [id=18568]
  0x00000297748197a0 GCTaskThread "GC Thread#0" [stack: 0x000000caae100000,0x000000caae200000] [id=18440]
  0x0000029714299d80 GCTaskThread "GC Thread#1" [stack: 0x000000caaf900000,0x000000caafa00000] [id=18752]
  0x00000297141bf1d0 GCTaskThread "GC Thread#2" [stack: 0x000000caafa00000,0x000000caafb00000] [id=18756]
  0x000002970fda1ce0 GCTaskThread "GC Thread#3" [stack: 0x000000caafb00000,0x000000caafc00000] [id=18764]
  0x000002971431e6a0 GCTaskThread "GC Thread#4" [stack: 0x000000caafc00000,0x000000caafd00000] [id=18768]
  0x000002971431ed70 GCTaskThread "GC Thread#5" [stack: 0x000000caafd00000,0x000000caafe00000] [id=18772]
  0x0000029716014be0 GCTaskThread "GC Thread#6" [stack: 0x000000cab0900000,0x000000cab0a00000] [id=19088]
  0x0000029715dd4020 GCTaskThread "GC Thread#7" [stack: 0x000000cab0a00000,0x000000cab0b00000] [id=19092]
  0x0000029715c2b6a0 GCTaskThread "GC Thread#8" [stack: 0x000000cab0b00000,0x000000cab0c00000] [id=19096]
  0x0000029715c2b960 GCTaskThread "GC Thread#9" [stack: 0x000000cab0c00000,0x000000cab0d00000] [id=19100]
  0x0000029715c2a360 GCTaskThread "GC Thread#10" [stack: 0x000000cab0d00000,0x000000cab0e00000] [id=19104]
  0x0000029715c2bc20 GCTaskThread "GC Thread#11" [stack: 0x000000cab0e00000,0x000000cab0f00000] [id=19108]
  0x0000029715c2a620 GCTaskThread "GC Thread#12" [stack: 0x000000cab0f00000,0x000000cab1000000] [id=19112]
  0x000002977482a5f0 ConcurrentGCThread "G1 Main Marker" [stack: 0x000000caae200000,0x000000caae300000] [id=18444]
  0x000002977482adc0 ConcurrentGCThread "G1 Conc#0" [stack: 0x000000caae300000,0x000000caae400000] [id=18448]
  0x0000029715c2b3e0 ConcurrentGCThread "G1 Conc#1" [stack: 0x000000cab1000000,0x000000cab1100000] [id=19136]
  0x0000029715c2a0a0 ConcurrentGCThread "G1 Conc#2" [stack: 0x000000cab1100000,0x000000cab1200000] [id=19140]
  0x000002977f714160 ConcurrentGCThread "G1 Refine#0" [stack: 0x000000caae400000,0x000000caae500000] [id=18452]
  0x000002977f715950 ConcurrentGCThread "G1 Service" [stack: 0x000000caae500000,0x000000caae600000] [id=18456]

Threads with active compile tasks:
C2 CompilerThread0     3938 4944  s!   4       jdk.internal.loader.URLClassPath::getLoader (194 bytes)
C2 CompilerThread6     3938 4993       4       java.util.HashMap::computeIfAbsent (330 bytes)

VM state: not at safepoint (normal execution)

VM Mutex/Monitor currently owned by a thread: None

Heap address: 0x0000000080000000, size: 2048 MB, Compressed Oops mode: 32-bit

CDS archive(s) not mapped
Compressed class space mapped at: 0x0000000100000000-0x0000000140000000, reserved size: 1073741824
Narrow klass base: 0x0000000000000000, Narrow klass shift: 3, Narrow klass range: 0x140000000

GC Precious Log:
 CPUs: 16 total, 16 available
 Memory: 16088M
 Large Page Support: Disabled
 NUMA Support: Disabled
 Compressed Oops: Enabled (32-bit)
 Heap Region Size: 1M
 Heap Min Capacity: 8M
 Heap Initial Capacity: 252M
 Heap Max Capacity: 2G
 Pre-touch: Disabled
 Parallel Workers: 13
 Concurrent Workers: 3
 Concurrent Refinement Workers: 13
 Periodic GC: Disabled

Heap:
 garbage-first heap   total 89088K, used 54439K [0x0000000080000000, 0x0000000100000000)
  region size 1024K, 9 young (9216K), 3 survivors (3072K)
 Metaspace       used 50022K, committed 50496K, reserved 1114112K
  class space    used 6846K, committed 7040K, reserved 1048576K

Heap Regions: E=young(eden), S=young(survivor), O=old, HS=humongous(starts), HC=humongous(continues), CS=collection set, F=free, OA=open archive, CA=closed archive, TAMS=top-at-mark-start (previous, next)
|   0|0x0000000080000000, 0x0000000080100000, 0x0000000080100000|100%| O|  |TAMS 0x0000000080100000, 0x0000000080000000| Untracked 
|   1|0x0000000080100000, 0x0000000080200000, 0x0000000080200000|100%| O|  |TAMS 0x0000000080200000, 0x0000000080100000| Untracked 
|   2|0x0000000080200000, 0x0000000080300000, 0x0000000080300000|100%|HS|  |TAMS 0x0000000080300000, 0x0000000080200000| Complete 
|   3|0x0000000080300000, 0x0000000080400000, 0x0000000080400000|100%|HC|  |TAMS 0x0000000080400000, 0x0000000080300000| Complete 
|   4|0x0000000080400000, 0x0000000080500000, 0x0000000080500000|100%|HC|  |TAMS 0x0000000080500000, 0x0000000080400000| Complete 
|   5|0x0000000080500000, 0x0000000080600000, 0x0000000080600000|100%|HC|  |TAMS 0x0000000080600000, 0x0000000080500000| Complete 
|   6|0x0000000080600000, 0x0000000080700000, 0x0000000080700000|100%| O|  |TAMS 0x0000000080700000, 0x0000000080600000| Untracked 
|   7|0x0000000080700000, 0x0000000080800000, 0x0000000080800000|100%| O|  |TAMS 0x0000000080800000, 0x0000000080700000| Untracked 
|   8|0x0000000080800000, 0x0000000080900000, 0x0000000080900000|100%| O|  |TAMS 0x0000000080900000, 0x0000000080800000| Untracked 
|   9|0x0000000080900000, 0x0000000080a00000, 0x0000000080a00000|100%|HS|  |TAMS 0x0000000080a00000, 0x0000000080900000| Complete 
|  10|0x0000000080a00000, 0x0000000080b00000, 0x0000000080b00000|100%| O|  |TAMS 0x0000000080b00000, 0x0000000080a00000| Untracked 
|  11|0x0000000080b00000, 0x0000000080b4ec00, 0x0000000080c00000| 30%| O|  |TAMS 0x0000000080b4ec00, 0x0000000080b00000| Untracked 
|  12|0x0000000080c00000, 0x0000000080d00000, 0x0000000080d00000|100%| O|  |TAMS 0x0000000080d00000, 0x0000000080c00000| Untracked 
|  13|0x0000000080d00000, 0x0000000080e00000, 0x0000000080e00000|100%| O|  |TAMS 0x0000000080e00000, 0x0000000080d00000| Untracked 
|  14|0x0000000080e00000, 0x0000000080f00000, 0x0000000080f00000|100%| O|  |TAMS 0x0000000080f00000, 0x0000000080e00000| Untracked 
|  15|0x0000000080f00000, 0x0000000081000000, 0x0000000081000000|100%| O|  |TAMS 0x0000000081000000, 0x0000000080f00000| Untracked 
|  16|0x0000000081000000, 0x0000000081100000, 0x0000000081100000|100%| O|  |TAMS 0x0000000081100000, 0x0000000081000000| Untracked 
|  17|0x0000000081100000, 0x0000000081200000, 0x0000000081200000|100%| O|  |TAMS 0x0000000081200000, 0x0000000081100000| Untracked 
|  18|0x0000000081200000, 0x0000000081300000, 0x0000000081300000|100%| O|  |TAMS 0x0000000081300000, 0x0000000081200000| Untracked 
|  19|0x0000000081300000, 0x0000000081400000, 0x0000000081400000|100%| O|  |TAMS 0x0000000081400000, 0x0000000081300000| Untracked 
|  20|0x0000000081400000, 0x0000000081500000, 0x0000000081500000|100%| O|  |TAMS 0x0000000081500000, 0x0000000081400000| Untracked 
|  21|0x0000000081500000, 0x0000000081600000, 0x0000000081600000|100%|HS|  |TAMS 0x0000000081600000, 0x0000000081500000| Complete 
|  22|0x0000000081600000, 0x0000000081700000, 0x0000000081700000|100%|HC|  |TAMS 0x0000000081700000, 0x0000000081600000| Complete 
|  23|0x0000000081700000, 0x0000000081800000, 0x0000000081800000|100%|HC|  |TAMS 0x0000000081800000, 0x0000000081700000| Complete 
|  24|0x0000000081800000, 0x0000000081900000, 0x0000000081900000|100%|HC|  |TAMS 0x0000000081900000, 0x0000000081800000| Complete 
|  25|0x0000000081900000, 0x0000000081a00000, 0x0000000081a00000|100%|HC|  |TAMS 0x0000000081a00000, 0x0000000081900000| Complete 
|  26|0x0000000081a00000, 0x0000000081b00000, 0x0000000081b00000|100%|HS|  |TAMS 0x0000000081b00000, 0x0000000081a00000| Complete 
|  27|0x0000000081b00000, 0x0000000081c00000, 0x0000000081c00000|100%|HC|  |TAMS 0x0000000081c00000, 0x0000000081b00000| Complete 
|  28|0x0000000081c00000, 0x0000000081d00000, 0x0000000081d00000|100%|HC|  |TAMS 0x0000000081d00000, 0x0000000081c00000| Complete 
|  29|0x0000000081d00000, 0x0000000081e00000, 0x0000000081e00000|100%|HS|  |TAMS 0x0000000081e00000, 0x0000000081d00000| Complete 
|  30|0x0000000081e00000, 0x0000000081f00000, 0x0000000081f00000|100%|HC|  |TAMS 0x0000000081f00000, 0x0000000081e00000| Complete 
|  31|0x0000000081f00000, 0x0000000082000000, 0x0000000082000000|100%|HC|  |TAMS 0x0000000082000000, 0x0000000081f00000| Complete 
|  32|0x0000000082000000, 0x0000000082100000, 0x0000000082100000|100%|HS|  |TAMS 0x0000000082100000, 0x0000000082000000| Complete 
|  33|0x0000000082100000, 0x0000000082200000, 0x0000000082200000|100%| O|  |TAMS 0x0000000082200000, 0x0000000082100000| Untracked 
|  34|0x0000000082200000, 0x0000000082300000, 0x0000000082300000|100%| O|  |TAMS 0x0000000082300000, 0x0000000082200000| Untracked 
|  35|0x0000000082300000, 0x0000000082400000, 0x0000000082400000|100%| O|  |TAMS 0x0000000082400000, 0x0000000082300000| Untracked 
|  36|0x0000000082400000, 0x0000000082500000, 0x0000000082500000|100%| O|  |TAMS 0x0000000082500000, 0x0000000082400000| Untracked 
|  37|0x0000000082500000, 0x0000000082600000, 0x0000000082600000|100%| O|  |TAMS 0x0000000082600000, 0x0000000082500000| Untracked 
|  38|0x0000000082600000, 0x0000000082700000, 0x0000000082700000|100%| O|  |TAMS 0x0000000082700000, 0x0000000082600000| Untracked 
|  39|0x0000000082700000, 0x0000000082800000, 0x0000000082800000|100%| O|  |TAMS 0x0000000082800000, 0x0000000082700000| Untracked 
|  40|0x0000000082800000, 0x0000000082900000, 0x0000000082900000|100%| O|  |TAMS 0x00000000828d8a00, 0x0000000082800000| Untracked 
|  41|0x0000000082900000, 0x0000000082a00000, 0x0000000082a00000|100%| O|  |TAMS 0x0000000082900000, 0x0000000082900000| Untracked 
|  42|0x0000000082a00000, 0x0000000082b00000, 0x0000000082b00000|100%| O|  |TAMS 0x0000000082b00000, 0x0000000082a00000| Untracked 
|  43|0x0000000082b00000, 0x0000000082c00000, 0x0000000082c00000|100%| O|  |TAMS 0x0000000082c00000, 0x0000000082b00000| Untracked 
|  44|0x0000000082c00000, 0x0000000082d00000, 0x0000000082d00000|100%| O|  |TAMS 0x0000000082d00000, 0x0000000082c00000| Untracked 
|  45|0x0000000082d00000, 0x0000000082e00000, 0x0000000082e00000|100%| O|  |TAMS 0x0000000082e00000, 0x0000000082d00000| Untracked 
|  46|0x0000000082e00000, 0x0000000082e2d400, 0x0000000082f00000| 17%| O|  |TAMS 0x0000000082e00000, 0x0000000082e00000| Untracked 
|  47|0x0000000082f00000, 0x0000000082f00000, 0x0000000083000000|  0%| F|  |TAMS 0x0000000082f00000, 0x0000000082f00000| Untracked 
|  48|0x0000000083000000, 0x0000000083000000, 0x0000000083100000|  0%| F|  |TAMS 0x0000000083000000, 0x0000000083000000| Untracked 
|  49|0x0000000083100000, 0x0000000083100000, 0x0000000083200000|  0%| F|  |TAMS 0x0000000083100000, 0x0000000083100000| Untracked 
|  50|0x0000000083200000, 0x0000000083200000, 0x0000000083300000|  0%| F|  |TAMS 0x0000000083200000, 0x0000000083200000| Untracked 
|  51|0x0000000083300000, 0x0000000083300000, 0x0000000083400000|  0%| F|  |TAMS 0x0000000083300000, 0x0000000083300000| Untracked 
|  52|0x0000000083400000, 0x0000000083400000, 0x0000000083500000|  0%| F|  |TAMS 0x0000000083400000, 0x0000000083400000| Untracked 
|  53|0x0000000083500000, 0x0000000083500000, 0x0000000083600000|  0%| F|  |TAMS 0x0000000083500000, 0x0000000083500000| Untracked 
|  54|0x0000000083600000, 0x0000000083600000, 0x0000000083700000|  0%| F|  |TAMS 0x0000000083600000, 0x0000000083600000| Untracked 
|  55|0x0000000083700000, 0x0000000083700000, 0x0000000083800000|  0%| F|  |TAMS 0x0000000083700000, 0x0000000083700000| Untracked 
|  56|0x0000000083800000, 0x00000000838adfb0, 0x0000000083900000| 67%| S|CS|TAMS 0x0000000083800000, 0x0000000083800000| Complete 
|  57|0x0000000083900000, 0x0000000083a00000, 0x0000000083a00000|100%| S|CS|TAMS 0x0000000083900000, 0x0000000083900000| Complete 
|  58|0x0000000083a00000, 0x0000000083b00000, 0x0000000083b00000|100%| S|CS|TAMS 0x0000000083a00000, 0x0000000083a00000| Complete 
|  59|0x0000000083b00000, 0x0000000083b00000, 0x0000000083c00000|  0%| F|  |TAMS 0x0000000083b00000, 0x0000000083b00000| Untracked 
|  60|0x0000000083c00000, 0x0000000083c00000, 0x0000000083d00000|  0%| F|  |TAMS 0x0000000083c00000, 0x0000000083c00000| Untracked 
|  61|0x0000000083d00000, 0x0000000083d00000, 0x0000000083e00000|  0%| F|  |TAMS 0x0000000083d00000, 0x0000000083d00000| Untracked 
|  62|0x0000000083e00000, 0x0000000083e00000, 0x0000000083f00000|  0%| F|  |TAMS 0x0000000083e00000, 0x0000000083e00000| Untracked 
|  63|0x0000000083f00000, 0x0000000083f00000, 0x0000000084000000|  0%| F|  |TAMS 0x0000000083f00000, 0x0000000083f00000| Untracked 
|  64|0x0000000084000000, 0x0000000084000000, 0x0000000084100000|  0%| F|  |TAMS 0x0000000084000000, 0x0000000084000000| Untracked 
|  65|0x0000000084100000, 0x0000000084100000, 0x0000000084200000|  0%| F|  |TAMS 0x0000000084100000, 0x0000000084100000| Untracked 
|  66|0x0000000084200000, 0x0000000084200000, 0x0000000084300000|  0%| F|  |TAMS 0x0000000084200000, 0x0000000084200000| Untracked 
|  67|0x0000000084300000, 0x0000000084300000, 0x0000000084400000|  0%| F|  |TAMS 0x0000000084300000, 0x0000000084300000| Untracked 
|  68|0x0000000084400000, 0x0000000084400000, 0x0000000084500000|  0%| F|  |TAMS 0x0000000084400000, 0x0000000084400000| Untracked 
|  69|0x0000000084500000, 0x0000000084500000, 0x0000000084600000|  0%| F|  |TAMS 0x0000000084500000, 0x0000000084500000| Untracked 
|  70|0x0000000084600000, 0x0000000084600000, 0x0000000084700000|  0%| F|  |TAMS 0x0000000084600000, 0x0000000084600000| Untracked 
|  71|0x0000000084700000, 0x0000000084700000, 0x0000000084800000|  0%| F|  |TAMS 0x0000000084700000, 0x0000000084700000| Untracked 
|  72|0x0000000084800000, 0x0000000084800000, 0x0000000084900000|  0%| F|  |TAMS 0x0000000084800000, 0x0000000084800000| Untracked 
|  73|0x0000000084900000, 0x0000000084900000, 0x0000000084a00000|  0%| F|  |TAMS 0x0000000084900000, 0x0000000084900000| Untracked 
|  74|0x0000000084a00000, 0x0000000084a00000, 0x0000000084b00000|  0%| F|  |TAMS 0x0000000084a00000, 0x0000000084a00000| Untracked 
| 214|0x000000008d600000, 0x000000008d600000, 0x000000008d700000|  0%| F|  |TAMS 0x000000008d600000, 0x000000008d600000| Untracked 
| 215|0x000000008d700000, 0x000000008d700000, 0x000000008d800000|  0%| F|  |TAMS 0x000000008d700000, 0x000000008d700000| Untracked 
| 216|0x000000008d800000, 0x000000008d800000, 0x000000008d900000|  0%| F|  |TAMS 0x000000008d800000, 0x000000008d800000| Untracked 
| 217|0x000000008d900000, 0x000000008d900000, 0x000000008da00000|  0%| F|  |TAMS 0x000000008d900000, 0x000000008d900000| Untracked 
| 218|0x000000008da00000, 0x000000008da00000, 0x000000008db00000|  0%| F|  |TAMS 0x000000008da00000, 0x000000008da00000| Untracked 
| 219|0x000000008db00000, 0x000000008db00000, 0x000000008dc00000|  0%| F|  |TAMS 0x000000008db00000, 0x000000008db00000| Untracked 
| 220|0x000000008dc00000, 0x000000008dc5bff8, 0x000000008dd00000| 35%| E|  |TAMS 0x000000008dc00000, 0x000000008dc00000| Complete 
| 221|0x000000008dd00000, 0x000000008de00000, 0x000000008de00000|100%| E|CS|TAMS 0x000000008dd00000, 0x000000008dd00000| Complete 
| 222|0x000000008de00000, 0x000000008df00000, 0x000000008df00000|100%| E|CS|TAMS 0x000000008de00000, 0x000000008de00000| Complete 
| 223|0x000000008df00000, 0x000000008e000000, 0x000000008e000000|100%| E|CS|TAMS 0x000000008df00000, 0x000000008df00000| Complete 
| 224|0x000000008e000000, 0x000000008e100000, 0x000000008e100000|100%| E|CS|TAMS 0x000000008e000000, 0x000000008e000000| Complete 
| 251|0x000000008fb00000, 0x000000008fc00000, 0x000000008fc00000|100%| E|CS|TAMS 0x000000008fb00000, 0x000000008fb00000| Complete 

Card table byte_map: [0x00000297788e0000,0x0000029778ce0000] _byte_map_base: 0x00000297784e0000

Marking Bits (Prev, Next): (CMBitMap*) 0x0000029774819bb0, (CMBitMap*) 0x0000029774819b70
 Prev Bits: [0x000002977b0e0000, 0x000002977d0e0000)
 Next Bits: [0x00000297790e0000, 0x000002977b0e0000)

Polling page: 0x00000297726c0000

Metaspace:

Usage:
  Non-class:     42.25 MB used.
      Class:      6.69 MB used.
       Both:     48.94 MB used.

Virtual space:
  Non-class space:       64.00 MB reserved,      42.50 MB ( 66%) committed,  1 nodes.
      Class space:        1.00 GB reserved,       6.94 MB ( <1%) committed,  1 nodes.
             Both:        1.06 GB reserved,      49.44 MB (  5%) committed. 

Chunk freelists:
   Non-Class:  5.48 MB
       Class:  9.04 MB
        Both:  14.52 MB

MaxMetaspaceSize: unlimited
CompressedClassSpaceSize: 1.00 GB
Initial GC threshold: 21.00 MB
Current GC threshold: 80.44 MB
CDS: off
MetaspaceReclaimPolicy: balanced
 - commit_granule_bytes: 65536.
 - commit_granule_words: 8192.
 - virtual_space_node_default_size: 8388608.
 - enlarge_chunks_in_place: 1.
 - new_chunks_are_fully_committed: 0.
 - uncommit_free_chunks: 1.
 - use_allocation_guard: 0.
 - handle_deallocations: 1.


Internal statistics:

num_allocs_failed_limit: 6.
num_arena_births: 506.
num_arena_deaths: 0.
num_vsnodes_births: 2.
num_vsnodes_deaths: 0.
num_space_committed: 791.
num_space_uncommitted: 0.
num_chunks_returned_to_freelist: 6.
num_chunks_taken_from_freelist: 2126.
num_chunk_merges: 6.
num_chunk_splits: 1387.
num_chunks_enlarged: 970.
num_inconsistent_stats: 0.

CodeHeap 'non-profiled nmethods': size=119168Kb used=2332Kb max_used=3118Kb free=116835Kb
 bounds [0x0000029707ba0000, 0x0000029707eb0000, 0x000002970f000000]
CodeHeap 'profiled nmethods': size=119104Kb used=8057Kb max_used=9716Kb free=111046Kb
 bounds [0x0000029700000000, 0x0000029700980000, 0x0000029707450000]
CodeHeap 'non-nmethods': size=7488Kb used=3308Kb max_used=3359Kb free=4179Kb
 bounds [0x0000029707450000, 0x00000297077b0000, 0x0000029707ba0000]
 total_blobs=4906 nmethods=4215 adapters=600
 compilation: enabled
              stopped_count=0, restarted_count=0
 full_count=0

Compilation events (20 events):
Event: 3.907 Thread 0x00000297145b2500 nmethod 4962 0x0000029707bd6a10 code [0x0000029707bd6ba0, 0x0000029707bd7318]
Event: 3.907 Thread 0x000002970f22f400 nmethod 4992 0x00000297008d3d90 code [0x00000297008d3f60, 0x00000297008d4468]
Event: 3.911 Thread 0x0000029718970270 4993       4       java.util.HashMap::computeIfAbsent (330 bytes)
Event: 3.911 Thread 0x000002970f3d2cc0 4994   !   3       org.codehaus.groovy.util.LazyReference::getLocked (85 bytes)
Event: 3.911 Thread 0x0000029718973240 4995       4       java.lang.reflect.Method::copy (84 bytes)
Event: 3.911 Thread 0x00000297145b3a40 4996       4       java.lang.reflect.Method::<init> (68 bytes)
Event: 3.912 Thread 0x000002970f3d2cc0 nmethod 4994 0x00000297001d3e10 code [0x00000297001d40c0, 0x00000297001d4ea8]
Event: 3.913 Thread 0x000002971527a030 4997       3       org.codehaus.groovy.reflection.CachedClass::getInterfaces (11 bytes)
Event: 3.913 Thread 0x000002971527a030 nmethod 4997 0x00000297008de790 code [0x00000297008de940, 0x00000297008dec08]
Event: 3.913 Thread 0x000002970f3cfe00 4998       3       org.codehaus.groovy.util.ReferenceType$1::createReference (11 bytes)
Event: 3.913 Thread 0x000002971527a030 4999       3       org.codehaus.groovy.util.ReferenceType$SoftRef::<init> (12 bytes)
Event: 3.914 Thread 0x0000029718973240 nmethod 4995 0x0000029707d0b010 code [0x0000029707d0b1a0, 0x0000029707d0b498]
Event: 3.914 Thread 0x0000029718973240 5000       4       java.lang.Class::getInterfaces (49 bytes)
Event: 3.914 Thread 0x000002971527a030 nmethod 4999 0x0000029700296990 code [0x0000029700296b40, 0x0000029700296ef8]
Event: 3.914 Thread 0x000002970f3cfe00 nmethod 4998 0x00000297002e1f90 code [0x00000297002e2160, 0x00000297002e25d8]
Event: 3.917 Thread 0x000002971527a030 5001       3       org.codehaus.groovy.util.ReferenceType$2::createReference (11 bytes)
Event: 3.917 Thread 0x000002970f3cfe00 5002       3       org.codehaus.groovy.util.ReferenceType$WeakRef::<init> (12 bytes)
Event: 3.917 Thread 0x000002970f3cfe00 nmethod 5002 0x000002970032e290 code [0x000002970032e440, 0x000002970032e7d8]
Event: 3.917 Thread 0x000002971527a030 nmethod 5001 0x00000297008dc890 code [0x00000297008dca60, 0x00000297008dceb8]
Event: 3.918 Thread 0x00000297145b3a40 nmethod 4996 0x0000029707bddb10 code [0x0000029707bddc80, 0x0000029707bde578]

GC Heap History (20 events):
Event: 1.615 GC heap before
{Heap before GC invocations=5 (full 0):
 garbage-first heap   total 78848K, used 56154K [0x0000000080000000, 0x0000000100000000)
  region size 1024K, 46 young (47104K), 11 survivors (11264K)
 Metaspace       used 26815K, committed 27136K, reserved 1114112K
  class space    used 3381K, committed 3520K, reserved 1048576K
}
Event: 1.619 GC heap after
{Heap after GC invocations=6 (full 0):
 garbage-first heap   total 78848K, used 22949K [0x0000000080000000, 0x0000000100000000)
  region size 1024K, 3 young (3072K), 3 survivors (3072K)
 Metaspace       used 26815K, committed 27136K, reserved 1114112K
  class space    used 3381K, committed 3520K, reserved 1048576K
}
Event: 2.050 GC heap before
{Heap before GC invocations=6 (full 0):
 garbage-first heap   total 78848K, used 54693K [0x0000000080000000, 0x0000000100000000)
  region size 1024K, 34 young (34816K), 3 survivors (3072K)
 Metaspace       used 30632K, committed 30976K, reserved 1114112K
  class space    used 4018K, committed 4160K, reserved 1048576K
}
Event: 2.052 GC heap after
{Heap after GC invocations=7 (full 0):
 garbage-first heap   total 78848K, used 24698K [0x0000000080000000, 0x0000000100000000)
  region size 1024K, 4 young (4096K), 4 survivors (4096K)
 Metaspace       used 30632K, committed 30976K, reserved 1114112K
  class space    used 4018K, committed 4160K, reserved 1048576K
}
Event: 2.672 GC heap before
{Heap before GC invocations=7 (full 0):
 garbage-first heap   total 78848K, used 65658K [0x0000000080000000, 0x0000000100000000)
  region size 1024K, 34 young (34816K), 4 survivors (4096K)
 Metaspace       used 34065K, committed 34496K, reserved 1114112K
  class space    used 4633K, committed 4864K, reserved 1048576K
}
Event: 2.675 GC heap after
{Heap after GC invocations=8 (full 0):
 garbage-first heap   total 78848K, used 41712K [0x0000000080000000, 0x0000000100000000)
  region size 1024K, 5 young (5120K), 5 survivors (5120K)
 Metaspace       used 34065K, committed 34496K, reserved 1114112K
  class space    used 4633K, committed 4864K, reserved 1048576K
}
Event: 2.817 GC heap before
{Heap before GC invocations=8 (full 0):
 garbage-first heap   total 78848K, used 54000K [0x0000000080000000, 0x0000000100000000)
  region size 1024K, 18 young (18432K), 5 survivors (5120K)
 Metaspace       used 35726K, committed 36096K, reserved 1114112K
  class space    used 4860K, committed 5056K, reserved 1048576K
}
Event: 2.819 GC heap after
{Heap after GC invocations=9 (full 0):
 garbage-first heap   total 78848K, used 42580K [0x0000000080000000, 0x0000000100000000)
  region size 1024K, 1 young (1024K), 1 survivors (1024K)
 Metaspace       used 35726K, committed 36096K, reserved 1114112K
  class space    used 4860K, committed 5056K, reserved 1048576K
}
Event: 2.986 GC heap before
{Heap before GC invocations=10 (full 0):
 garbage-first heap   total 78848K, used 61012K [0x0000000080000000, 0x0000000100000000)
  region size 1024K, 19 young (19456K), 1 survivors (1024K)
 Metaspace       used 37676K, committed 38080K, reserved 1114112K
  class space    used 5192K, committed 5376K, reserved 1048576K
}
Event: 2.987 GC heap after
{Heap after GC invocations=11 (full 0):
 garbage-first heap   total 78848K, used 43173K [0x0000000080000000, 0x0000000100000000)
  region size 1024K, 2 young (2048K), 2 survivors (2048K)
 Metaspace       used 37676K, committed 38080K, reserved 1114112K
  class space    used 5192K, committed 5376K, reserved 1048576K
}
Event: 3.150 GC heap before
{Heap before GC invocations=11 (full 0):
 garbage-first heap   total 78848K, used 60581K [0x0000000080000000, 0x0000000100000000)
  region size 1024K, 20 young (20480K), 2 survivors (2048K)
 Metaspace       used 40410K, committed 40832K, reserved 1114112K
  class space    used 5580K, committed 5760K, reserved 1048576K
}
Event: 3.151 GC heap after
{Heap after GC invocations=12 (full 0):
 garbage-first heap   total 78848K, used 43655K [0x0000000080000000, 0x0000000100000000)
  region size 1024K, 2 young (2048K), 2 survivors (2048K)
 Metaspace       used 40410K, committed 40832K, reserved 1114112K
  class space    used 5580K, committed 5760K, reserved 1048576K
}
Event: 3.309 GC heap before
{Heap before GC invocations=13 (full 0):
 garbage-first heap   total 78848K, used 62087K [0x0000000080000000, 0x0000000100000000)
  region size 1024K, 21 young (21504K), 2 survivors (2048K)
 Metaspace       used 42383K, committed 42880K, reserved 1114112K
  class space    used 5786K, committed 6016K, reserved 1048576K
}
Event: 3.311 GC heap after
{Heap after GC invocations=14 (full 0):
 garbage-first heap   total 78848K, used 45879K [0x0000000080000000, 0x0000000100000000)
  region size 1024K, 3 young (3072K), 3 survivors (3072K)
 Metaspace       used 42383K, committed 42880K, reserved 1114112K
  class space    used 5786K, committed 6016K, reserved 1048576K
}
Event: 3.417 GC heap before
{Heap before GC invocations=14 (full 0):
 garbage-first heap   total 78848K, used 62263K [0x0000000080000000, 0x0000000100000000)
  region size 1024K, 20 young (20480K), 3 survivors (3072K)
 Metaspace       used 44001K, committed 44480K, reserved 1114112K
  class space    used 6090K, committed 6336K, reserved 1048576K
}
Event: 3.419 GC heap after
{Heap after GC invocations=15 (full 0):
 garbage-first heap   total 78848K, used 46636K [0x0000000080000000, 0x0000000100000000)
  region size 1024K, 3 young (3072K), 3 survivors (3072K)
 Metaspace       used 44001K, committed 44480K, reserved 1114112K
  class space    used 6090K, committed 6336K, reserved 1048576K
}
Event: 3.597 GC heap before
{Heap before GC invocations=16 (full 0):
 garbage-first heap   total 83968K, used 63020K [0x0000000080000000, 0x0000000100000000)
  region size 1024K, 20 young (20480K), 3 survivors (3072K)
 Metaspace       used 45910K, committed 46336K, reserved 1114112K
  class space    used 6340K, committed 6528K, reserved 1048576K
}
Event: 3.598 GC heap after
{Heap after GC invocations=17 (full 0):
 garbage-first heap   total 83968K, used 47756K [0x0000000080000000, 0x0000000100000000)
  region size 1024K, 3 young (3072K), 3 survivors (3072K)
 Metaspace       used 45910K, committed 46336K, reserved 1114112K
  class space    used 6340K, committed 6528K, reserved 1048576K
}
Event: 3.877 GC heap before
{Heap before GC invocations=17 (full 0):
 garbage-first heap   total 83968K, used 67212K [0x0000000080000000, 0x0000000100000000)
  region size 1024K, 23 young (23552K), 3 survivors (3072K)
 Metaspace       used 48898K, committed 49344K, reserved 1114112K
  class space    used 6709K, committed 6912K, reserved 1048576K
}
Event: 3.879 GC heap after
{Heap after GC invocations=18 (full 0):
 garbage-first heap   total 83968K, used 49319K [0x0000000080000000, 0x0000000100000000)
  region size 1024K, 3 young (3072K), 3 survivors (3072K)
 Metaspace       used 48898K, committed 49344K, reserved 1114112K
  class space    used 6709K, committed 6912K, reserved 1048576K
}

Dll operation events (3 events):
Event: 0.004 Loaded shared library C:\Program Files\Android\Android Studio1\jbr\bin\java.dll
Event: 0.069 Loaded shared library C:\Program Files\Android\Android Studio1\jbr\bin\zip.dll
Event: 0.270 Loaded shared library C:\Program Files\Android\Android Studio1\jbr\bin\verify.dll

Deoptimization events (20 events):
Event: 3.879 Thread 0x0000029715302eb0 DEOPT PACKING pc=0x0000029707cc4608 sp=0x000000cab05f5b80
Event: 3.879 Thread 0x0000029715302eb0 DEOPT UNPACKING pc=0x00000297074a69a3 sp=0x000000cab05f5a30 mode 2
Event: 3.879 Thread 0x0000029715302eb0 Uncommon trap: trap_request=0xffffffde fr.pc=0x0000029707cc4608 relative=0x0000000000001c88
Event: 3.879 Thread 0x0000029715302eb0 Uncommon trap: reason=class_check action=maybe_recompile pc=0x0000029707cc4608 method=java.io.BufferedInputStream.read([BII)I @ 101 c2
Event: 3.879 Thread 0x0000029715302eb0 DEOPT PACKING pc=0x0000029707cc4608 sp=0x000000cab05f5b80
Event: 3.879 Thread 0x0000029715302eb0 DEOPT UNPACKING pc=0x00000297074a69a3 sp=0x000000cab05f5a30 mode 2
Event: 3.879 Thread 0x0000029715302eb0 Uncommon trap: trap_request=0xffffffde fr.pc=0x0000029707cc4608 relative=0x0000000000001c88
Event: 3.879 Thread 0x0000029715302eb0 Uncommon trap: reason=class_check action=maybe_recompile pc=0x0000029707cc4608 method=java.io.BufferedInputStream.read([BII)I @ 101 c2
Event: 3.879 Thread 0x0000029715302eb0 DEOPT PACKING pc=0x0000029707cc4608 sp=0x000000cab05f5b80
Event: 3.879 Thread 0x0000029715302eb0 DEOPT UNPACKING pc=0x00000297074a69a3 sp=0x000000cab05f5a30 mode 2
Event: 3.897 Thread 0x0000029715302eb0 Uncommon trap: trap_request=0xffffff45 fr.pc=0x0000029707d5657c relative=0x000000000000059c
Event: 3.897 Thread 0x0000029715302eb0 Uncommon trap: reason=unstable_if action=reinterpret pc=0x0000029707d5657c method=jdk.internal.org.objectweb.asm.MethodWriter.visitVarInsn(II)V @ 108 c2
Event: 3.897 Thread 0x0000029715302eb0 DEOPT PACKING pc=0x0000029707d5657c sp=0x000000cab05eeb90
Event: 3.897 Thread 0x0000029715302eb0 DEOPT UNPACKING pc=0x00000297074a69a3 sp=0x000000cab05eeb58 mode 2
Event: 3.897 Thread 0x0000029715302eb0 Uncommon trap: trap_request=0xffffff45 fr.pc=0x0000029707e136d4 relative=0x0000000000000874
Event: 3.897 Thread 0x0000029715302eb0 Uncommon trap: reason=unstable_if action=reinterpret pc=0x0000029707e136d4 method=jdk.internal.org.objectweb.asm.MethodWriter.visitInsn(I)V @ 24 c2
Event: 3.897 Thread 0x0000029715302eb0 DEOPT PACKING pc=0x0000029707e136d4 sp=0x000000cab05eeb80
Event: 3.897 Thread 0x0000029715302eb0 DEOPT UNPACKING pc=0x00000297074a69a3 sp=0x000000cab05eeb68 mode 2
Event: 3.900 Thread 0x0000029715302eb0 DEOPT PACKING pc=0x0000029700462f9b sp=0x000000cab05f3e70
Event: 3.900 Thread 0x0000029715302eb0 DEOPT UNPACKING pc=0x00000297074a7143 sp=0x000000cab05f32e0 mode 0

Classes unloaded (0 events):
No events

Classes redefined (0 events):
No events

Internal exceptions (20 events):
Event: 3.024 Thread 0x0000029715302eb0 Exception <a 'java/lang/NoSuchMethodError'{0x000000008deabdc0}: 'java.lang.Object java.lang.invoke.DirectMethodHandle$Holder.newInvokeSpecial(java.lang.Object, java.lang.Object, java.lang.Object, java.lang.Object, java.lang.Object, java.lang.Object, java.lang.Object, java.lang.Object, java.lang.Object, java.lang.Object, java.lang.Object)'> (0x000000008deabdc0) 
thrown [s\src\hotspot\share\interpreter\linkResolver.cpp, line 771]
Event: 3.024 Thread 0x0000029715302eb0 Exception <a 'java/lang/NoSuchMethodError'{0x000000008deb1ba0}: 'java.lang.Object java.lang.invoke.DirectMethodHandle$Holder.invokeSpecial(java.lang.Object, java.lang.Object, java.lang.Object, java.lang.Object, java.lang.Object, java.lang.Object, java.lang.Object, java.lang.Object, java.lang.Object, java.lang.Object, java.lang.Object, java.lang.Object)'> (0x000000008deb1ba0) 
thrown [s\src\hotspot\share\interpreter\linkResolver.cpp, line 771]
Event: 3.024 Thread 0x0000029715302eb0 Exception <a 'java/lang/NoSuchMethodError'{0x000000008deb74e0}: 'java.lang.Object java.lang.invoke.Invokers$Holder.linkToTargetMethod(java.lang.Object, java.lang.Object, java.lang.Object, java.lang.Object, java.lang.Object, java.lang.Object, java.lang.Object, java.lang.Object, java.lang.Object, java.lang.Object, java.lang.Object)'> (0x000000008deb74e0) 
thrown [s\src\hotspot\share\interpreter\linkResolver.cpp, line 771]
Event: 3.081 Thread 0x0000029715302eb0 Exception <a 'java/lang/IncompatibleClassChangeError'{0x000000008d791088}: Found class java.lang.Object, but interface was expected> (0x000000008d791088) 
thrown [s\src\hotspot\share\interpreter\linkResolver.cpp, line 838]
Event: 3.095 Thread 0x0000029715302eb0 Exception <a 'java/lang/IncompatibleClassChangeError'{0x000000008d6f5790}: Found class java.lang.Object, but interface was expected> (0x000000008d6f5790) 
thrown [s\src\hotspot\share\interpreter\linkResolver.cpp, line 838]
Event: 3.098 Thread 0x0000029715302eb0 Exception <a 'java/lang/NoSuchMethodError'{0x0000000084063970}: 'void java.lang.invoke.DirectMethodHandle$Holder.invokeStatic(java.lang.Object, java.lang.Object, java.lang.Object, java.lang.Object, java.lang.Object, java.lang.Object)'> (0x0000000084063970) 
thrown [s\src\hotspot\share\interpreter\linkResolver.cpp, line 771]
Event: 3.104 Thread 0x0000029715302eb0 Exception <a 'java/lang/NoSuchMethodError'{0x00000000840fd940}: 'void java.lang.invoke.DirectMethodHandle$Holder.invokeVirtual(java.lang.Object, java.lang.Object)'> (0x00000000840fd940) 
thrown [s\src\hotspot\share\interpreter\linkResolver.cpp, line 771]
Event: 3.176 Thread 0x0000029715302eb0 Exception <a 'java/lang/NoSuchMethodError'{0x000000008df0d010}: 'void java.lang.invoke.DirectMethodHandle$Holder.invokeStaticInit(java.lang.Object, java.lang.Object, java.lang.Object)'> (0x000000008df0d010) 
thrown [s\src\hotspot\share\interpreter\linkResolver.cpp, line 771]
Event: 3.177 Thread 0x0000029715302eb0 Exception <a 'java/lang/NoSuchMethodError'{0x000000008df32400}: 'void java.lang.invoke.DirectMethodHandle$Holder.invokeStaticInit(java.lang.Object, java.lang.Object, java.lang.Object, java.lang.Object, java.lang.Object)'> (0x000000008df32400) 
thrown [s\src\hotspot\share\interpreter\linkResolver.cpp, line 771]
Event: 3.566 Thread 0x0000029715302eb0 Exception <a 'java/lang/NoSuchMethodError'{0x0000000084247518}: 'void java.lang.invoke.DirectMethodHandle$Holder.invokeInterface(java.lang.Object, java.lang.Object, java.lang.Object, java.lang.Object)'> (0x0000000084247518) 
thrown [s\src\hotspot\share\interpreter\linkResolver.cpp, line 771]
Event: 3.569 Thread 0x0000029715302eb0 Exception <a 'sun/nio/fs/WindowsException'{0x0000000084253768}> (0x0000000084253768) 
thrown [s\src\hotspot\share\prims\jni.cpp, line 531]
Event: 3.570 Thread 0x0000029715302eb0 Exception <a 'sun/nio/fs/WindowsException'{0x0000000084255168}> (0x0000000084255168) 
thrown [s\src\hotspot\share\prims\jni.cpp, line 531]
Event: 3.612 Thread 0x0000029715302eb0 Exception <a 'java/lang/NoSuchMethodError'{0x000000008fbc7840}: 'java.lang.Object java.lang.invoke.DirectMethodHandle$Holder.invokeVirtual(java.lang.Object, java.lang.Object, int)'> (0x000000008fbc7840) 
thrown [s\src\hotspot\share\interpreter\linkResolver.cpp, line 771]
Event: 3.614 Thread 0x0000029715302eb0 Exception <a 'java/lang/NoSuchMethodError'{0x000000008fbfd890}: 'void java.lang.invoke.DirectMethodHandle$Holder.invokeStatic(java.lang.Object, java.lang.Object, java.lang.Object, int)'> (0x000000008fbfd890) 
thrown [s\src\hotspot\share\interpreter\linkResolver.cpp, line 771]
Event: 3.635 Thread 0x0000029718119da0 Exception <a 'sun/nio/fs/WindowsException'{0x000000008df0b8b8}> (0x000000008df0b8b8) 
thrown [s\src\hotspot\share\prims\jni.cpp, line 531]
Event: 3.635 Thread 0x0000029718119da0 Exception <a 'sun/nio/fs/WindowsException'{0x000000008df0bf28}> (0x000000008df0bf28) 
thrown [s\src\hotspot\share\prims\jni.cpp, line 531]
Event: 3.666 Thread 0x0000029715302eb0 Exception <a 'java/lang/NoSuchMethodError'{0x000000008de2bf50}: 'void java.lang.invoke.DirectMethodHandle$Holder.invokeSpecialIFC(java.lang.Object, java.lang.Object, java.lang.Object)'> (0x000000008de2bf50) 
thrown [s\src\hotspot\share\interpreter\linkResolver.cpp, line 771]
Event: 3.897 Thread 0x0000029715302eb0 Implicit null exception at 0x0000029707d560ea to 0x0000029707d56570
Event: 3.897 Thread 0x0000029715302eb0 Implicit null exception at 0x0000029707e12ee3 to 0x0000029707e136c0
Event: 3.902 Thread 0x0000029715302eb0 Exception <a 'java/lang/NoSuchMethodError'{0x000000008e0fb960}: 'int java.lang.invoke.DirectMethodHandle$Holder.invokeStaticInit(java.lang.Object, java.lang.Object, java.lang.Object, java.lang.Object)'> (0x000000008e0fb960) 
thrown [s\src\hotspot\share\interpreter\linkResolver.cpp, line 771]

VM Operations (20 events):
Event: 3.757 Executing VM operation: HandshakeAllThreads
Event: 3.757 Executing VM operation: HandshakeAllThreads done
Event: 3.757 Executing VM operation: HandshakeAllThreads
Event: 3.757 Executing VM operation: HandshakeAllThreads done
Event: 3.792 Executing VM operation: HandshakeAllThreads
Event: 3.792 Executing VM operation: HandshakeAllThreads done
Event: 3.806 Executing VM operation: HandshakeAllThreads
Event: 3.806 Executing VM operation: HandshakeAllThreads done
Event: 3.847 Executing VM operation: HandshakeAllThreads
Event: 3.847 Executing VM operation: HandshakeAllThreads done
Event: 3.877 Executing VM operation: G1CollectForAllocation
Event: 3.879 Executing VM operation: G1CollectForAllocation done
Event: 3.889 Executing VM operation: HandshakeAllThreads
Event: 3.889 Executing VM operation: HandshakeAllThreads done
Event: 3.891 Executing VM operation: G1PauseRemark
Event: 3.892 Executing VM operation: G1PauseRemark done
Event: 3.893 Executing VM operation: HandshakeAllThreads
Event: 3.893 Executing VM operation: HandshakeAllThreads done
Event: 3.900 Executing VM operation: G1PauseCleanup
Event: 3.900 Executing VM operation: G1PauseCleanup done

Events (20 events):
Event: 3.912 loading class java/lang/ProcessHandle
Event: 3.912 loading class java/lang/ProcessHandle done
Event: 3.912 loading class java/lang/ProcessHandle$Info
Event: 3.913 loading class java/lang/ProcessHandle$Info done
Event: 3.917 loading class java/util/OptionalLong
Event: 3.917 loading class java/util/OptionalLong done
Event: 3.917 loading class java/util/OptionalDouble
Event: 3.918 loading class java/util/OptionalDouble done
Event: 3.918 loading class java/util/function/DoubleFunction
Event: 3.918 loading class java/util/function/DoubleFunction done
Event: 3.918 loading class java/util/function/ToIntFunction
Event: 3.918 loading class java/util/function/ToIntFunction done
Event: 3.918 loading class java/util/function/ToLongFunction
Event: 3.918 loading class java/util/function/ToLongFunction done
Event: 3.918 loading class java/util/function/ToDoubleFunction
Event: 3.918 loading class java/util/function/ToDoubleFunction done
Event: 3.918 loading class java/util/stream/DoubleStream
Event: 3.918 loading class java/util/stream/DoubleStream done
Event: 3.918 loading class java/util/stream/LongStream
Event: 3.918 loading class java/util/stream/LongStream done


Dynamic libraries:
0x00007ff644290000 - 0x00007ff64429a000 	C:\Program Files\Android\Android Studio1\jbr\bin\java.exe
0x00007fff17350000 - 0x00007fff17567000 	C:\WINDOWS\SYSTEM32\ntdll.dll
0x00007fff15330000 - 0x00007fff153f4000 	C:\WINDOWS\System32\KERNEL32.DLL
0x00007fff14780000 - 0x00007fff14b2d000 	C:\WINDOWS\System32\KERNELBASE.dll
0x0000000075370000 - 0x00000000756a1000 	C:\Program Files\Norton Security\NortonData\22.22.4.13\Definitions\IPSDefs\20230418.061\IPSEng64.dll
0x00007fff17250000 - 0x00007fff17302000 	C:\WINDOWS\System32\ADVAPI32.dll
0x00007fff167c0000 - 0x00007fff16867000 	C:\WINDOWS\System32\msvcrt.dll
0x00007fff17110000 - 0x00007fff171b9000 	C:\WINDOWS\System32\sechost.dll
0x00007fff14f30000 - 0x00007fff14f58000 	C:\WINDOWS\System32\bcrypt.dll
0x00007fff162e0000 - 0x00007fff163f4000 	C:\WINDOWS\System32\RPCRT4.dll
0x00007fff156b0000 - 0x00007fff156b8000 	C:\WINDOWS\System32\PSAPI.DLL
0x00007fff14e10000 - 0x00007fff14f21000 	C:\WINDOWS\System32\ucrtbase.dll
0x00007ffeac330000 - 0x00007ffeac347000 	C:\Program Files\Android\Android Studio1\jbr\bin\jli.dll
0x00007ffec6950000 - 0x00007ffec696b000 	C:\Program Files\Android\Android Studio1\jbr\bin\VCRUNTIME140.dll
0x00007fff16120000 - 0x00007fff162ce000 	C:\WINDOWS\System32\USER32.dll
0x00007fff01bc0000 - 0x00007fff01e53000 	C:\WINDOWS\WinSxS\amd64_microsoft.windows.common-controls_6595b64144ccf1df_6.0.22621.3672_none_2713b9d173822955\COMCTL32.dll
0x00007fff14bb0000 - 0x00007fff14bd6000 	C:\WINDOWS\System32\win32u.dll
0x00007fff160f0000 - 0x00007fff16119000 	C:\WINDOWS\System32\GDI32.dll
0x00007fff14f60000 - 0x00007fff15079000 	C:\WINDOWS\System32\gdi32full.dll
0x00007fff146e0000 - 0x00007fff1477a000 	C:\WINDOWS\System32\msvcp_win.dll
0x00007fff16aa0000 - 0x00007fff16ad1000 	C:\WINDOWS\System32\IMM32.DLL
0x00007ffeee560000 - 0x00007ffeee56c000 	C:\Program Files\Android\Android Studio1\jbr\bin\vcruntime140_1.dll
0x00007ffe3a280000 - 0x00007ffe3a30d000 	C:\Program Files\Android\Android Studio1\jbr\bin\msvcp140.dll
0x00007ffe4c6c0000 - 0x00007ffe4d343000 	C:\Program Files\Android\Android Studio1\jbr\bin\server\jvm.dll
0x00007fff0b480000 - 0x00007fff0b4b4000 	C:\WINDOWS\SYSTEM32\WINMM.dll
0x00007ffece290000 - 0x00007ffece299000 	C:\WINDOWS\SYSTEM32\WSOCK32.dll
0x00007fff13520000 - 0x00007fff1356d000 	C:\WINDOWS\SYSTEM32\POWRPROF.dll
0x00007fff0a710000 - 0x00007fff0a71a000 	C:\WINDOWS\SYSTEM32\VERSION.dll
0x00007fff17010000 - 0x00007fff17081000 	C:\WINDOWS\System32\WS2_32.dll
0x00007fff13500000 - 0x00007fff13513000 	C:\WINDOWS\SYSTEM32\UMPDC.dll
0x00007fff137b0000 - 0x00007fff137c8000 	C:\WINDOWS\SYSTEM32\kernel.appcore.dll
0x00007ffecdf20000 - 0x00007ffecdf2a000 	C:\Program Files\Android\Android Studio1\jbr\bin\jimage.dll
0x00007fff11a20000 - 0x00007fff11c52000 	C:\WINDOWS\SYSTEM32\DBGHELP.DLL
0x00007fff16420000 - 0x00007fff167ae000 	C:\WINDOWS\System32\combase.dll
0x00007fff16870000 - 0x00007fff16947000 	C:\WINDOWS\System32\OLEAUT32.dll
0x00007ffef5b60000 - 0x00007ffef5b92000 	C:\WINDOWS\SYSTEM32\dbgcore.DLL
0x00007fff14b30000 - 0x00007fff14bab000 	C:\WINDOWS\System32\bcryptPrimitives.dll
0x00007ffed22e0000 - 0x00007ffed22ee000 	C:\Program Files\Android\Android Studio1\jbr\bin\instrument.dll
0x00007ffecd1b0000 - 0x00007ffecd1d5000 	C:\Program Files\Android\Android Studio1\jbr\bin\java.dll
0x00007ffec82b0000 - 0x00007ffec82c8000 	C:\Program Files\Android\Android Studio1\jbr\bin\zip.dll
0x00007fff156c0000 - 0x00007fff15f27000 	C:\WINDOWS\System32\SHELL32.dll
0x00007fff12600000 - 0x00007fff12eff000 	C:\WINDOWS\SYSTEM32\windows.storage.dll
0x00007fff124c0000 - 0x00007fff125ff000 	C:\WINDOWS\SYSTEM32\wintypes.dll
0x00007fff169a0000 - 0x00007fff16a99000 	C:\WINDOWS\System32\SHCORE.dll
0x00007fff152d0000 - 0x00007fff1532e000 	C:\WINDOWS\System32\shlwapi.dll
0x00007fff145a0000 - 0x00007fff145c7000 	C:\WINDOWS\SYSTEM32\profapi.dll
0x00007ffead5c0000 - 0x00007ffead5d9000 	C:\Program Files\Android\Android Studio1\jbr\bin\net.dll
0x00007fff0d6e0000 - 0x00007fff0d816000 	C:\WINDOWS\SYSTEM32\WINHTTP.dll
0x00007fff13c20000 - 0x00007fff13c89000 	C:\WINDOWS\system32\mswsock.dll
0x00007ffead360000 - 0x00007ffead376000 	C:\Program Files\Android\Android Studio1\jbr\bin\nio.dll
0x00007ffec8970000 - 0x00007ffec8980000 	C:\Program Files\Android\Android Studio1\jbr\bin\verify.dll
0x00007ffef1aa0000 - 0x00007ffef1ac7000 	C:\Users\hellb\.gradle\native\c067742578af261105cb4f569cf0c3c89f3d7b1fecec35dd04571415982c5e48\windows-amd64\native-platform.dll
0x00007ffe39d50000 - 0x00007ffe39e94000 	C:\Users\hellb\.gradle\native\100fb08df4bc3b14c8652ba06237920a3bd2aa13389f12d3474272988ae205f9\windows-amd64\native-platform-file-events.dll
0x00007ffecd350000 - 0x00007ffecd359000 	C:\Program Files\Android\Android Studio1\jbr\bin\management.dll
0x00007ffecc810000 - 0x00007ffecc81b000 	C:\Program Files\Android\Android Studio1\jbr\bin\management_ext.dll
0x00007fff13e70000 - 0x00007fff13e8b000 	C:\WINDOWS\SYSTEM32\CRYPTSP.dll
0x00007fff13710000 - 0x00007fff13745000 	C:\WINDOWS\system32\rsaenh.dll
0x00007fff13d10000 - 0x00007fff13d38000 	C:\WINDOWS\SYSTEM32\USERENV.dll
0x00007fff13e90000 - 0x00007fff13e9c000 	C:\WINDOWS\SYSTEM32\CRYPTBASE.dll
0x00007fff13210000 - 0x00007fff1323d000 	C:\WINDOWS\SYSTEM32\IPHLPAPI.DLL
0x00007fff162d0000 - 0x00007fff162d9000 	C:\WINDOWS\System32\NSI.dll
0x00007fff0d860000 - 0x00007fff0d879000 	C:\WINDOWS\SYSTEM32\dhcpcsvc6.DLL
0x00007fff0d6c0000 - 0x00007fff0d6df000 	C:\WINDOWS\SYSTEM32\dhcpcsvc.DLL
0x00007fff13240000 - 0x00007fff13338000 	C:\WINDOWS\SYSTEM32\DNSAPI.dll
0x00007ffecd3e0000 - 0x00007ffecd3e9000 	C:\Program Files\Android\Android Studio1\jbr\bin\extnet.dll
0x00007ffed77f0000 - 0x00007ffed77f8000 	C:\WINDOWS\system32\wshunix.dll
0x00007fff138c0000 - 0x00007fff138f4000 	C:\WINDOWS\SYSTEM32\ntmarta.dll

dbghelp: loaded successfully - version: 4.0.5 - missing functions: none
symbol engine: initialized successfully - sym options: 0x614 - pdb path: .;C:\Program Files\Android\Android Studio1\jbr\bin;C:\WINDOWS\SYSTEM32;C:\Program Files\Norton Security\NortonData\22.22.4.13\Definitions\IPSDefs\20230418.061;C:\WINDOWS\WinSxS\amd64_microsoft.windows.common-controls_6595b64144ccf1df_6.0.22621.3672_none_2713b9d173822955;C:\Program Files\Android\Android Studio1\jbr\bin\server;C:\Users\hellb\.gradle\native\c067742578af261105cb4f569cf0c3c89f3d7b1fecec35dd04571415982c5e48\windows-amd64;C:\Users\hellb\.gradle\native\100fb08df4bc3b14c8652ba06237920a3bd2aa13389f12d3474272988ae205f9\windows-amd64

VM Arguments:
jvm_args: --add-opens=java.base/java.util=ALL-UNNAMED --add-opens=java.base/java.lang=ALL-UNNAMED --add-opens=java.base/java.lang.invoke=ALL-UNNAMED --add-opens=java.prefs/java.util.prefs=ALL-UNNAMED --add-exports=jdk.compiler/com.sun.tools.javac.api=ALL-UNNAMED --add-exports=jdk.compiler/com.sun.tools.javac.util=ALL-UNNAMED --add-opens=java.base/java.nio.charset=ALL-UNNAMED --add-opens=java.base/java.net=ALL-UNNAMED --add-opens=java.base/java.util.concurrent.atomic=ALL-UNNAMED -Xmx2048m -Dfile.encoding=UTF-8 -Duser.country=ID -Duser.language=en -Duser.variant -javaagent:C:\Users\hellb\.gradle\wrapper\dists\gradle-8.10.2-bin\a04bxjujx95o3nb99gddekhwo\gradle-8.10.2\lib\agents\gradle-instrumentation-agent-8.10.2.jar 
java_command: org.gradle.launcher.daemon.bootstrap.GradleDaemon 8.10.2
java_class_path (initial): C:\Users\hellb\.gradle\wrapper\dists\gradle-8.10.2-bin\a04bxjujx95o3nb99gddekhwo\gradle-8.10.2\lib\gradle-daemon-main-8.10.2.jar
Launcher Type: SUN_STANDARD

[Global flags]
     intx CICompilerCount                          = 12                                        {product} {ergonomic}
     uint ConcGCThreads                            = 3                                         {product} {ergonomic}
     uint G1ConcRefinementThreads                  = 13                                        {product} {ergonomic}
   size_t G1HeapRegionSize                         = 1048576                                   {product} {ergonomic}
    uintx GCDrainStackTargetSize                   = 64                                        {product} {ergonomic}
   size_t InitialHeapSize                          = 264241152                                 {product} {ergonomic}
   size_t MarkStackSize                            = 4194304                                   {product} {ergonomic}
   size_t MaxHeapSize                              = 2147483648                                {product} {command line}
   size_t MaxNewSize                               = 1287651328                                {product} {ergonomic}
   size_t MinHeapDeltaBytes                        = 1048576                                   {product} {ergonomic}
   size_t MinHeapSize                              = 8388608                                   {product} {ergonomic}
    uintx NonNMethodCodeHeapSize                   = 7602480                                {pd product} {ergonomic}
    uintx NonProfiledCodeHeapSize                  = 122027880                              {pd product} {ergonomic}
    uintx ProfiledCodeHeapSize                     = 122027880                              {pd product} {ergonomic}
    uintx ReservedCodeCacheSize                    = 251658240                              {pd product} {ergonomic}
     bool SegmentedCodeCache                       = true                                      {product} {ergonomic}
   size_t SoftMaxHeapSize                          = 2147483648                             {manageable} {ergonomic}
     bool UseCompressedClassPointers               = true                           {product lp64_product} {ergonomic}
     bool UseCompressedOops                        = true                           {product lp64_product} {ergonomic}
     bool UseG1GC                                  = true                                      {product} {ergonomic}
     bool UseLargePagesIndividualAllocation        = false                                  {pd product} {ergonomic}

Logging:
Log output configuration:
 #0: stdout all=warning uptime,level,tags
 #1: stderr all=off uptime,level,tags

Environment Variables:
PATH=C:\Program Files (x86)\Razer\ChromaBroadcast\bin;C:\Program Files\Razer\ChromaBroadcast\bin;C:\Program Files\Common Files\Oracle\Java\javapath;C:\Program Files (x86)\Common Files\Oracle\Java\javapath;C:\Windows\system32;C:\Windows;C:\Windows\System32\Wbem;C:\Windows\System32\WindowsPowerShell\v1.0\;C:\Windows\System32\OpenSSH\;C:\Program Files (x86)\NVIDIA Corporation\PhysX\Common;C:\Program Files\NVIDIA Corporation\NVIDIA NvDLISR;C:\webdrivers;C:\Program Files\Git\cmd;C:\Program Files\PuTTY\;C:\Program Files\nodejs\;C:\Windows\system32\config\systemprofile\AppData\Local\Microsoft\WindowsApps;C:\Program Files\Microsoft SQL Server\120\Tools\Binn\;C:\growtopia\cmake-3.29.0-rc3-windows-x86_64\cmake-3.29.0-rc3-windows-x86_64\bin;C:\Program Files\Conan\conan;C:\Users\hellb\AppData\Local\Programs\Python\Python312\Lib\site-packages;C:\Users\hellb\AppData\Local\Programs\Python\Python312\Lib\site-packages\kivy;C:\Program Files\LOVE;C:\xampp\php;C:\\xampp\\php\\php.exe;C:\WINDOWS\system32;C:\WINDOWS;C:\WINDOWS\System32\Wbem;C:\WINDOWS\System32\WindowsPowerShell\v1.0\;C:\WINDOWS\System32\OpenSSH\;C:\Program Files\heroku\bin;C:\ngrok-v3-stable-windows-amd64;C:\Users\hellb\AppData\Local\Android\Sdk;C:\Program Files (x86)\Windows Kits\10\Windows Performance Toolkit\;C:\Users\hellb\AppData\Local\Programs\Python\Python312\Scripts\;C:\Users\hellb\AppData\Local\Programs\Python\Python312\;C:\Users\hellb\AppData\Local\Programs\Python\Launcher\;C:\Program Files\MySQL\MySQL Shell 8.0\bin\;C:\Program Files\Conan\conan;C:\Users\hellb\AppData\Local\Microsoft\WindowsApps;C:\Users\hellb\AppData\Local\Programs\Microsoft VS Code\bin;C:\Users\hellb\.dotnet\tools;C:\Users\hellb\AppData\Local\spicetify;C:\Users\hellb\AppData\Roaming\npm;C:\growtopia\cmake-3.29.0-rc3-windows-x86_64\cmake-3.29.0-rc3-windows-x86_64\bin;C:\Users\hellb\AppData\Local\Packages\PythonSoftwareFoundation.Python.3.11_qbz5n2kfra8p0\LocalCache\local-packages\Python311\site-packages\streamlit;C:\Users\hellb\AppData\Local\Prog
USERNAME=hellb
OS=Windows_NT
PROCESSOR_IDENTIFIER=Intel64 Family 6 Model 154 Stepping 3, GenuineIntel
TMP=C:\Users\hellb\AppData\Local\Temp
TEMP=C:\Users\hellb\AppData\Local\Temp



Periodic native trim disabled

JNI global refs:
JNI global refs: 33, weak refs: 0

JNI global refs memory usage: 843, weak refs: 841

Process memory usage:
Resident Set Size: 273580K (1% of 16474168K total physical memory with 2490312K free physical memory)

OOME stack traces (most recent first):
Classloader memory used:
Loader org.gradle.internal.classloader.VisitableURLClassLoader                         : 3257K
Loader bootstrap                                                                       : 2313K
Loader org.gradle.initialization.MixInLegacyTypesClassLoader                           : 539K
Loader org.gradle.internal.classloader.VisitableURLClassLoader                         : 88238B
Loader jdk.internal.loader.ClassLoaders$PlatformClassLoader                            : 53008B
Loader jdk.internal.loader.ClassLoaders$AppClassLoader                                 : 29306B
Loader jdk.internal.reflect.DelegatingClassLoader                                      : 25270B
Loader groovy.lang.GroovyClassLoader$InnerLoader                                       : 999B

Classes loaded by more than one classloader:
Class org.gradle.api.GradleException                                                  : loaded 3 times (x 80B)
Class org.gradle.util.GradleVersion                                                   : loaded 2 times (x 81B)
Class org.gradle.internal.classpath.ClassPath                                         : loaded 2 times (x 68B)
Class org.gradle.api.internal.classpath.DefaultModuleRegistry                         : loaded 2 times (x 84B)
Class org.gradle.internal.exceptions.NonGradleCauseExceptionsHolder                   : loaded 2 times (x 68B)
Class org.gradle.api.Action                                                           : loaded 2 times (x 68B)
Class org.gradle.api.internal.DefaultClassPathProvider                                : loaded 2 times (x 74B)
Class org.gradle.internal.installation.GradleInstallation$1                           : loaded 2 times (x 73B)
Class org.gradle.internal.exceptions.DefaultMultiCauseException                       : loaded 2 times (x 93B)
Class org.gradle.internal.time.MonotonicClock                                         : loaded 2 times (x 75B)
Class org.gradle.internal.classloader.FilteringClassLoader                            : loaded 2 times (x 103B)
Class org.gradle.internal.classpath.DefaultClassPath$ImmutableUniqueList$Builder      : loaded 2 times (x 73B)
Class kotlin.UninitializedPropertyAccessException                                     : loaded 2 times (x 80B)
Class org.gradle.internal.classloader.ClassLoaderVisitor                              : loaded 2 times (x 74B)
Class org.gradle.internal.time.DefaultCountdownTimer                                  : loaded 2 times (x 86B)
Class org.gradle.internal.service.DefaultServiceLocator                               : loaded 2 times (x 81B)
Class org.gradle.internal.service.UnknownServiceException                             : loaded 2 times (x 81B)
Class org.gradle.internal.classloader.DefaultClassLoaderFactory                       : loaded 2 times (x 80B)
Class org.gradle.internal.classloader.VisitableURLClassLoader$Spec                    : loaded 2 times (x 72B)
Class org.gradle.tooling.model.ProjectModel                                           : loaded 2 times (x 68B)
Class org.gradle.internal.installation.GradleInstallation                             : loaded 2 times (x 73B)
Class org.gradle.api.internal.classpath.ModuleRegistry                                : loaded 2 times (x 68B)
Class org.gradle.api.internal.ClassPathProvider                                       : loaded 2 times (x 68B)
Class org.gradle.internal.classloader.ClasspathUtil$1                                 : loaded 2 times (x 74B)
Class org.gradle.internal.classloader.ClassLoaderFactory                              : loaded 2 times (x 68B)
Class org.gradle.api.internal.classpath.ManifestUtil                                  : loaded 2 times (x 69B)
Class org.gradle.api.specs.Spec                                                       : loaded 2 times (x 68B)
Class kotlin.jvm.internal.Intrinsics                                                  : loaded 2 times (x 69B)
Class org.gradle.internal.IoActions                                                   : loaded 2 times (x 69B)
Class org.gradle.api.internal.classpath.EffectiveClassPath                            : loaded 2 times (x 88B)
Class org.gradle.internal.exceptions.ResolutionProvider                               : loaded 2 times (x 68B)
Class org.gradle.internal.installation.CurrentGradleInstallation                      : loaded 2 times (x 71B)
Class org.gradle.internal.installation.CurrentGradleInstallationLocator               : loaded 2 times (x 69B)
Class org.gradle.api.internal.classpath.Module                                        : loaded 2 times (x 68B)
Class org.gradle.internal.service.CachingServiceLocator                               : loaded 2 times (x 80B)
Class org.gradle.internal.time.Timer                                                  : loaded 2 times (x 68B)
Class org.gradle.internal.classpath.DefaultClassPath                                  : loaded 2 times (x 88B)
Class org.gradle.internal.time.Time                                                   : loaded 2 times (x 69B)
Class org.gradle.internal.time.TimeSource$1                                           : loaded 2 times (x 75B)
Class kotlin.KotlinNullPointerException                                               : loaded 2 times (x 81B)
Class org.gradle.internal.classloader.SystemClassLoaderSpec                           : loaded 2 times (x 69B)
Class kotlin.Function                                                                 : loaded 2 times (x 68B)
Class org.gradle.api.UncheckedIOException                                             : loaded 2 times (x 80B)
Class org.gradle.api.internal.classpath.GlobalCacheRootsProvider                      : loaded 2 times (x 68B)
Class org.gradle.internal.time.Clock                                                  : loaded 2 times (x 68B)
Class org.gradle.internal.time.CountdownTimer                                         : loaded 2 times (x 68B)
Class org.gradle.internal.classloader.ClasspathUtil                                   : loaded 2 times (x 69B)
Class org.gradle.api.internal.DefaultClassPathRegistry                                : loaded 2 times (x 74B)
Class org.gradle.api.internal.classpath.DefaultModuleRegistry$DefaultModule           : loaded 2 times (x 84B)
Class org.gradle.internal.time.TimeSource                                             : loaded 2 times (x 68B)
Class org.gradle.api.internal.classpath.UnknownModuleException                        : loaded 2 times (x 80B)
Class org.gradle.internal.service.ServiceLookupException                              : loaded 2 times (x 80B)
Class [Lorg.gradle.api.internal.ClassPathProvider;                                    : loaded 2 times (x 67B)
Class org.gradle.internal.operations.MultipleBuildOperationFailures                   : loaded 2 times (x 93B)
Class org.gradle.util.internal.GUtil                                                  : loaded 2 times (x 69B)
Class org.gradle.internal.classloader.ClassLoaderSpec                                 : loaded 2 times (x 69B)
Class org.gradle.internal.classloader.InstrumentingClassLoader                        : loaded 2 times (x 68B)
Class org.gradle.internal.classloader.VisitableURLClassLoader                         : loaded 2 times (x 115B)
Class org.gradle.internal.Cast                                                        : loaded 2 times (x 69B)
Class org.gradle.api.internal.ClassPathRegistry                                       : loaded 2 times (x 68B)
Class org.gradle.internal.classloader.VisitableURLClassLoader$InstrumentingVisitableURLClassLoader: loaded 2 times (x 121B)
Class org.gradle.internal.classloader.ClassLoaderHierarchy                            : loaded 2 times (x 68B)
Class org.gradle.internal.exceptions.MultiCauseException                              : loaded 2 times (x 68B)
Class org.gradle.internal.InternalTransformer                                         : loaded 2 times (x 68B)
Class org.gradle.internal.service.ServiceLocator                                      : loaded 2 times (x 68B)
Class org.gradle.internal.classpath.DefaultClassPath$ImmutableUniqueList              : loaded 2 times (x 159B)
Class org.gradle.internal.time.DefaultTimer                                           : loaded 2 times (x 78B)
Class org.gradle.internal.classpath.TransformedClassPath                              : loaded 2 times (x 94B)


---------------  S Y S T E M  ---------------

OS:
 Windows 11 , 64 bit Build 22621 (10.0.22621.3958)
OS uptime: 0 days 0:00 hours

CPU: total 16 (initial active 16) (8 cores per cpu, 2 threads per core) family 6 model 154 stepping 3 microcode 0x420, cx8, cmov, fxsr, ht, mmx, 3dnowpref, sse, sse2, sse3, ssse3, sse4.1, sse4.2, popcnt, lzcnt, tsc, tscinvbit, avx, avx2, aes, erms, clmul, bmi1, bmi2, adx, sha, fma, vzeroupper, clflush, clflushopt, clwb
Processor Information for processor 0
  Max Mhz: 3100, Current Mhz: 3100, Mhz Limit: 3100
Processor Information for processor 1
  Max Mhz: 3100, Current Mhz: 3100, Mhz Limit: 3100
Processor Information for processor 2
  Max Mhz: 3100, Current Mhz: 3100, Mhz Limit: 3100
Processor Information for processor 3
  Max Mhz: 3100, Current Mhz: 3100, Mhz Limit: 3100
Processor Information for processor 4
  Max Mhz: 3100, Current Mhz: 3100, Mhz Limit: 3100
Processor Information for processor 5
  Max Mhz: 3100, Current Mhz: 3100, Mhz Limit: 3100
Processor Information for processor 6
  Max Mhz: 3100, Current Mhz: 3100, Mhz Limit: 3100
Processor Information for processor 7
  Max Mhz: 3100, Current Mhz: 3100, Mhz Limit: 3100
Processor Information for processor 8
  Max Mhz: 3100, Current Mhz: 2232, Mhz Limit: 2232
Processor Information for processor 9
  Max Mhz: 3100, Current Mhz: 2232, Mhz Limit: 2232
Processor Information for processor 10
  Max Mhz: 3100, Current Mhz: 2232, Mhz Limit: 2232
Processor Information for processor 11
  Max Mhz: 3100, Current Mhz: 2232, Mhz Limit: 2232
Processor Information for processor 12
  Max Mhz: 3100, Current Mhz: 2232, Mhz Limit: 2232
Processor Information for processor 13
  Max Mhz: 3100, Current Mhz: 2232, Mhz Limit: 2232
Processor Information for processor 14
  Max Mhz: 3100, Current Mhz: 2232, Mhz Limit: 2232
Processor Information for processor 15
  Max Mhz: 3100, Current Mhz: 2232, Mhz Limit: 2232

Memory: 4k page, system-wide physical 16088M (2431M free)
TotalPageFile size 16088M (AvailPageFile size 6M)
current process WorkingSet (physical memory assigned to process): 267M, peak: 271M
current process commit charge ("private bytes"): 318M, peak: 406M

vm_info: OpenJDK 64-Bit Server VM (17.0.11+0--11852314) for windows-amd64 JRE (17.0.11+0--11852314), built on May 16 2024 21:29:20 by "androidbuild" with MS VC++ 16.10 / 16.11 (VS2019)

END.
